2019-01-14 20:25:36,365 [Worker-25] INFO  o.e.m.c.i.l.LifecycleMappingFactory - Using NULL lifecycle mapping for MavenProject: com.store:store-parent:0.0.1-SNAPSHOT @ F:\StoreProject\store-parent\pom.xml.
2019-01-14 20:28:43,765 [Worker-26] INFO  o.e.m.c.i.l.LifecycleMappingFactory - Using NULL lifecycle mapping for MavenProject: com.store:store-parent:0.0.1-SNAPSHOT @ F:\StoreProject\store-parent\pom.xml.
2019-01-14 20:33:49,214 [Worker-18] INFO  o.e.m.c.i.l.LifecycleMappingFactory - Using org.eclipse.m2e.jdt.JarLifecycleMapping lifecycle mapping for MavenProject: com.store:store-common:0.0.1-SNAPSHOT @ F:\StoreProject\store-common\pom.xml.
2019-01-14 20:33:49,877 [Worker-18] INFO  o.e.m.j.i.AbstractJavaProjectConfigurator - Adding source folder /store-common/src/main/java
2019-01-14 20:33:49,879 [Worker-18] INFO  o.e.m.j.i.AbstractJavaProjectConfigurator - Adding resource folder /store-common/src/main/resources
2019-01-14 20:33:49,886 [Worker-18] INFO  o.e.m.j.i.AbstractJavaProjectConfigurator - Adding source folder /store-common/src/test/java
2019-01-14 20:33:49,886 [Worker-18] INFO  o.e.m.j.i.AbstractJavaProjectConfigurator - Adding resource folder /store-common/src/test/resources
2019-01-14 20:33:51,386 [Worker-29] INFO  o.e.m.c.i.embedder.EclipseLogger - Using 'UTF-8' encoding to copy filtered resources.
2019-01-14 20:33:51,393 [Worker-29] INFO  o.e.m.c.i.embedder.EclipseLogger - Copying 0 resource
2019-01-14 20:33:51,398 [Worker-29] INFO  o.e.m.c.i.embedder.EclipseLogger - Using 'UTF-8' encoding to copy filtered resources.
2019-01-14 20:33:51,399 [Worker-29] INFO  o.e.m.c.i.embedder.EclipseLogger - Copying 0 resource
2019-01-14 20:36:31,257 [Worker-18] INFO  o.e.m.c.i.l.LifecycleMappingFactory - Using NULL lifecycle mapping for MavenProject: com.store:store-parent:0.0.1-SNAPSHOT @ F:\StoreProject\store-parent\pom.xml.
2019-01-14 20:36:31,722 [Worker-18] INFO  o.e.m.c.i.l.LifecycleMappingFactory - Using org.eclipse.m2e.jdt.JarLifecycleMapping lifecycle mapping for MavenProject: com.store:store-common:0.0.1-SNAPSHOT @ F:\StoreProject\store-common\pom.xml.
2019-01-14 20:36:33,448 [Worker-32] INFO  o.e.m.c.i.embedder.EclipseLogger - Using 'UTF-8' encoding to copy filtered resources.
2019-01-14 20:36:33,453 [Worker-32] INFO  o.e.m.c.i.embedder.EclipseLogger - Copying 0 resource
2019-01-14 20:36:33,456 [Worker-32] INFO  o.e.m.c.i.embedder.EclipseLogger - Using 'UTF-8' encoding to copy filtered resources.
2019-01-14 20:36:33,457 [Worker-32] INFO  o.e.m.c.i.embedder.EclipseLogger - Copying 0 resource
2019-01-14 20:37:07,848 [Worker-30] INFO  o.e.m.c.i.embedder.EclipseLogger - Using 'UTF-8' encoding to copy filtered resources.
2019-01-14 20:37:07,849 [Worker-30] INFO  o.e.m.c.i.embedder.EclipseLogger - Copying 0 resource
2019-01-14 20:37:07,850 [Worker-30] INFO  o.e.m.c.i.embedder.EclipseLogger - Using 'UTF-8' encoding to copy filtered resources.
2019-01-14 20:37:07,850 [Worker-30] INFO  o.e.m.c.i.embedder.EclipseLogger - Copying 0 resource
2019-01-14 20:38:13,305 [Worker-32] INFO  o.e.m.c.i.l.LifecycleMappingFactory - Using org.eclipse.m2e.jdt.JarLifecycleMapping lifecycle mapping for MavenProject: com.store:store-common:0.0.1-SNAPSHOT @ F:\StoreProject\store-common\pom.xml.
2019-01-14 20:38:13,667 [Worker-32] WARN  o.e.m.j.i.AbstractJavaProjectConfigurator - Could not determine source level, using default 1.5
2019-01-14 20:38:13,669 [Worker-32] WARN  o.e.m.j.i.AbstractJavaProjectConfigurator - Could not determine target level, using default 1.5
2019-01-14 20:38:13,800 [Worker-32] INFO  o.e.m.j.i.AbstractJavaProjectConfigurator - Adding source folder /store-common/src/main/java
2019-01-14 20:38:13,800 [Worker-32] INFO  o.e.m.j.i.AbstractJavaProjectConfigurator - Adding resource folder /store-common/src/main/resources
2019-01-14 20:38:13,805 [Worker-32] INFO  o.e.m.j.i.AbstractJavaProjectConfigurator - Adding source folder /store-common/src/test/java
2019-01-14 20:38:13,805 [Worker-32] INFO  o.e.m.j.i.AbstractJavaProjectConfigurator - Adding resource folder /store-common/src/test/resources
2019-01-14 20:38:14,192 [Worker-30] INFO  o.e.m.c.i.embedder.EclipseLogger - Using 'UTF-8' encoding to copy filtered resources.
2019-01-14 20:38:14,193 [Worker-30] INFO  o.e.m.c.i.embedder.EclipseLogger - Copying 0 resource
2019-01-14 20:38:14,195 [Worker-30] INFO  o.e.m.c.i.embedder.EclipseLogger - Using 'UTF-8' encoding to copy filtered resources.
2019-01-14 20:38:14,196 [Worker-30] INFO  o.e.m.c.i.embedder.EclipseLogger - Copying 0 resource
2019-01-14 20:38:48,318 [Worker-25] INFO  o.e.m.c.i.l.LifecycleMappingFactory - Using NULL lifecycle mapping for MavenProject: com.store:store-parent:0.0.1-SNAPSHOT @ F:\StoreProject\store-parent\pom.xml.
2019-01-14 20:39:10,348 [Worker-33] INFO  o.e.m.c.i.l.LifecycleMappingFactory - Using org.eclipse.m2e.jdt.JarLifecycleMapping lifecycle mapping for MavenProject: com.store:store-common:0.0.1-SNAPSHOT @ F:\StoreProject\store-common\pom.xml.
2019-01-14 20:39:10,736 [Worker-33] INFO  o.e.m.j.i.AbstractJavaProjectConfigurator - Adding source folder /store-common/src/main/java
2019-01-14 20:39:10,736 [Worker-33] INFO  o.e.m.j.i.AbstractJavaProjectConfigurator - Adding resource folder /store-common/src/main/resources
2019-01-14 20:39:10,742 [Worker-33] INFO  o.e.m.j.i.AbstractJavaProjectConfigurator - Adding source folder /store-common/src/test/java
2019-01-14 20:39:10,743 [Worker-33] INFO  o.e.m.j.i.AbstractJavaProjectConfigurator - Adding resource folder /store-common/src/test/resources
2019-01-14 20:39:11,133 [Worker-31] INFO  o.e.m.c.i.embedder.EclipseLogger - Using 'UTF-8' encoding to copy filtered resources.
2019-01-14 20:39:11,134 [Worker-31] INFO  o.e.m.c.i.embedder.EclipseLogger - Copying 0 resource
2019-01-14 20:39:11,136 [Worker-31] INFO  o.e.m.c.i.embedder.EclipseLogger - Using 'UTF-8' encoding to copy filtered resources.
2019-01-14 20:39:11,136 [Worker-31] INFO  o.e.m.c.i.embedder.EclipseLogger - Copying 0 resource
2019-01-14 20:40:11,090 [Worker-33] INFO  o.e.m.c.i.l.LifecycleMappingFactory - Using org.eclipse.m2e.jdt.JarLifecycleMapping lifecycle mapping for MavenProject: com.store:store-common:0.0.1-SNAPSHOT @ F:\StoreProject\store-common\pom.xml.
2019-01-14 20:40:11,175 [Worker-33] WARN  o.e.m.c.i.embedder.EclipseLogger - The artifact org.apache.commons:commons-io:jar:1.3.2 has been relocated to commons-io:commons-io:jar:1.3.2
2019-01-14 20:40:11,430 [Worker-33] INFO  o.e.m.c.i.embedder.EclipseLogger - Using 'UTF-8' encoding to copy filtered resources.
2019-01-14 20:40:11,436 [Worker-33] INFO  o.e.m.c.i.embedder.EclipseLogger - Copying 0 resource
2019-01-14 20:40:11,438 [Worker-33] INFO  o.e.m.c.i.embedder.EclipseLogger - Using 'UTF-8' encoding to copy filtered resources.
2019-01-14 20:40:11,438 [Worker-33] INFO  o.e.m.c.i.embedder.EclipseLogger - Copying 0 resource
2019-01-14 20:40:12,807 [Worker-32] WARN  o.e.m.c.i.embedder.EclipseLogger - The artifact org.apache.commons:commons-io:jar:1.3.2 has been relocated to commons-io:commons-io:jar:1.3.2
2019-01-14 20:40:12,833 [Worker-32] INFO  o.e.m.c.i.embedder.EclipseLogger - Using 'UTF-8' encoding to copy filtered resources.
2019-01-14 20:40:12,838 [Worker-32] INFO  o.e.m.c.i.embedder.EclipseLogger - Copying 0 resource
2019-01-14 20:40:12,845 [Worker-32] INFO  o.e.m.c.i.embedder.EclipseLogger - Using 'UTF-8' encoding to copy filtered resources.
2019-01-14 20:40:12,846 [Worker-32] INFO  o.e.m.c.i.embedder.EclipseLogger - Copying 0 resource
2019-01-14 20:44:44,718 [Worker-28] INFO  o.e.m.c.i.l.LifecycleMappingFactory - Using NULL lifecycle mapping for MavenProject: com.store:store-manager:0.0.1-SNAPSHOT @ F:\StoreProject\store-manager\pom.xml.
2019-01-14 20:46:42,131 [Worker-18] INFO  o.e.m.c.i.l.LifecycleMappingFactory - Using NULL lifecycle mapping for MavenProject: com.store:store-manager:0.0.1-SNAPSHOT @ F:\StoreProject\store-manager\pom.xml.
2019-01-14 20:47:49,066 [Worker-29] INFO  o.e.m.c.i.l.LifecycleMappingFactory - Using org.eclipse.m2e.jdt.JarLifecycleMapping lifecycle mapping for MavenProject: com.store:store-manager-dao:0.0.1-SNAPSHOT @ F:\StoreProject\store-manager\store-manager-dao\pom.xml.
2019-01-14 20:47:49,260 [Worker-29] INFO  o.e.m.j.i.AbstractJavaProjectConfigurator - Adding source folder /store-manager-dao/src/main/java
2019-01-14 20:47:49,261 [Worker-29] INFO  o.e.m.j.i.AbstractJavaProjectConfigurator - Adding resource folder /store-manager-dao/src/main/resources
2019-01-14 20:47:49,265 [Worker-29] INFO  o.e.m.j.i.AbstractJavaProjectConfigurator - Adding source folder /store-manager-dao/src/test/java
2019-01-14 20:47:49,265 [Worker-29] INFO  o.e.m.j.i.AbstractJavaProjectConfigurator - Adding resource folder /store-manager-dao/src/test/resources
2019-01-14 20:47:50,025 [Worker-34] INFO  o.e.m.c.i.l.LifecycleMappingFactory - Using NULL lifecycle mapping for MavenProject: com.store:store-manager:0.0.1-SNAPSHOT @ F:\StoreProject\store-manager\pom.xml.
2019-01-14 20:47:50,116 [Worker-34] INFO  o.e.m.c.i.l.LifecycleMappingFactory - Using org.eclipse.m2e.jdt.JarLifecycleMapping lifecycle mapping for MavenProject: com.store:store-manager-dao:0.0.1-SNAPSHOT @ F:\StoreProject\store-manager\store-manager-dao\pom.xml.
2019-01-14 20:47:50,424 [Worker-34] INFO  o.e.m.c.i.embedder.EclipseLogger - Using 'UTF-8' encoding to copy filtered resources.
2019-01-14 20:47:50,425 [Worker-34] INFO  o.e.m.c.i.embedder.EclipseLogger - Copying 0 resource
2019-01-14 20:47:50,427 [Worker-34] INFO  o.e.m.c.i.embedder.EclipseLogger - Using 'UTF-8' encoding to copy filtered resources.
2019-01-14 20:47:50,427 [Worker-34] INFO  o.e.m.c.i.embedder.EclipseLogger - Copying 0 resource
2019-01-14 20:48:56,894 [Worker-18] INFO  o.e.m.c.i.l.LifecycleMappingFactory - Using org.eclipse.m2e.jdt.JarLifecycleMapping lifecycle mapping for MavenProject: com.store:store-manager-pojo:0.0.1-SNAPSHOT @ F:\StoreProject\store-manager\store-manager-pojo\pom.xml.
2019-01-14 20:48:57,142 [Worker-18] INFO  o.e.m.j.i.AbstractJavaProjectConfigurator - Adding source folder /store-manager-pojo/src/main/java
2019-01-14 20:48:57,142 [Worker-18] INFO  o.e.m.j.i.AbstractJavaProjectConfigurator - Adding resource folder /store-manager-pojo/src/main/resources
2019-01-14 20:48:57,147 [Worker-18] INFO  o.e.m.j.i.AbstractJavaProjectConfigurator - Adding source folder /store-manager-pojo/src/test/java
2019-01-14 20:48:57,148 [Worker-18] INFO  o.e.m.j.i.AbstractJavaProjectConfigurator - Adding resource folder /store-manager-pojo/src/test/resources
2019-01-14 20:48:57,624 [Worker-29] INFO  o.e.m.c.i.l.LifecycleMappingFactory - Using NULL lifecycle mapping for MavenProject: com.store:store-manager:0.0.1-SNAPSHOT @ F:\StoreProject\store-manager\pom.xml.
2019-01-14 20:48:57,705 [Worker-29] INFO  o.e.m.c.i.l.LifecycleMappingFactory - Using org.eclipse.m2e.jdt.JarLifecycleMapping lifecycle mapping for MavenProject: com.store:store-manager-dao:0.0.1-SNAPSHOT @ F:\StoreProject\store-manager\store-manager-dao\pom.xml.
2019-01-14 20:48:57,730 [Worker-29] INFO  o.e.m.c.i.l.LifecycleMappingFactory - Using org.eclipse.m2e.jdt.JarLifecycleMapping lifecycle mapping for MavenProject: com.store:store-manager-pojo:0.0.1-SNAPSHOT @ F:\StoreProject\store-manager\store-manager-pojo\pom.xml.
2019-01-14 20:48:58,066 [Worker-29] INFO  o.e.m.c.i.embedder.EclipseLogger - Using 'UTF-8' encoding to copy filtered resources.
2019-01-14 20:48:58,066 [Worker-29] INFO  o.e.m.c.i.embedder.EclipseLogger - Copying 0 resource
2019-01-14 20:48:58,067 [Worker-29] INFO  o.e.m.c.i.embedder.EclipseLogger - Using 'UTF-8' encoding to copy filtered resources.
2019-01-14 20:48:58,067 [Worker-29] INFO  o.e.m.c.i.embedder.EclipseLogger - Copying 0 resource
2019-01-14 20:48:58,156 [Worker-29] INFO  o.e.m.c.i.embedder.EclipseLogger - Using 'UTF-8' encoding to copy filtered resources.
2019-01-14 20:48:58,157 [Worker-29] INFO  o.e.m.c.i.embedder.EclipseLogger - Copying 0 resource
2019-01-14 20:48:58,158 [Worker-29] INFO  o.e.m.c.i.embedder.EclipseLogger - Using 'UTF-8' encoding to copy filtered resources.
2019-01-14 20:48:58,159 [Worker-29] INFO  o.e.m.c.i.embedder.EclipseLogger - Copying 0 resource
2019-01-14 20:50:07,705 [Worker-28] INFO  o.e.m.c.i.l.LifecycleMappingFactory - Using org.eclipse.m2e.jdt.JarLifecycleMapping lifecycle mapping for MavenProject: com.store:store-manager-dao:0.0.1-SNAPSHOT @ F:\StoreProject\store-manager\store-manager-dao\pom.xml.
2019-01-14 20:50:07,714 [Worker-28] WARN  o.e.m.c.i.embedder.EclipseLogger - The POM for com.taotao:taotao-manager-pojo:jar:0.0.1-SNAPSHOT is missing, no dependency information available
2019-01-14 20:50:09,148 [Worker-28] INFO  o.e.m.c.i.e.AbstractTransferListenerAdapter - Downloaded https://repo.maven.apache.org/maven2/com/github/pagehelper/pagehelper/3.4.2-fix/pagehelper-3.4.2-fix.pom
2019-01-14 20:50:09,150 [Worker-28] WARN  o.e.m.c.i.embedder.EclipseLogger - The POM for com.github.pagehelper:pagehelper:jar:3.4.2-fix is missing, no dependency information available
2019-01-14 20:50:10,154 [Worker-28] INFO  o.e.m.c.i.e.AbstractTransferListenerAdapter - Downloaded https://repo.maven.apache.org/maven2/com/github/pagehelper/pagehelper/3.4.2-fix/pagehelper-3.4.2-fix.jar
2019-01-14 20:50:10,203 [Worker-28] INFO  o.e.m.c.i.embedder.EclipseLogger - Using 'UTF-8' encoding to copy filtered resources.
2019-01-14 20:50:10,203 [Worker-28] INFO  o.e.m.c.i.embedder.EclipseLogger - Copying 0 resource
2019-01-14 20:50:10,204 [Worker-28] INFO  o.e.m.c.i.embedder.EclipseLogger - Using 'UTF-8' encoding to copy filtered resources.
2019-01-14 20:50:10,204 [Worker-28] INFO  o.e.m.c.i.embedder.EclipseLogger - Copying 0 resource
2019-01-14 20:53:58,076 [Worker-37] INFO  o.e.m.c.i.l.LifecycleMappingFactory - Using NULL lifecycle mapping for MavenProject: com.store:store-parent:0.0.1-SNAPSHOT @ F:\StoreProject\store-parent\pom.xml.
2019-01-14 20:53:58,395 [Worker-37] INFO  o.e.m.c.i.l.LifecycleMappingFactory - Using org.eclipse.m2e.jdt.JarLifecycleMapping lifecycle mapping for MavenProject: com.store:store-common:0.0.1-SNAPSHOT @ F:\StoreProject\store-common\pom.xml.
2019-01-14 20:53:58,464 [Worker-37] WARN  o.e.m.c.i.embedder.EclipseLogger - The artifact org.apache.commons:commons-io:jar:1.3.2 has been relocated to commons-io:commons-io:jar:1.3.2
2019-01-14 20:53:58,471 [Worker-37] INFO  o.e.m.c.i.l.LifecycleMappingFactory - Using NULL lifecycle mapping for MavenProject: com.store:store-manager:0.0.1-SNAPSHOT @ F:\StoreProject\store-manager\pom.xml.
2019-01-14 20:53:58,504 [Worker-37] INFO  o.e.m.c.i.l.LifecycleMappingFactory - Using org.eclipse.m2e.jdt.JarLifecycleMapping lifecycle mapping for MavenProject: com.store:store-manager-pojo:0.0.1-SNAPSHOT @ F:\StoreProject\store-manager\store-manager-pojo\pom.xml.
2019-01-14 20:53:58,536 [Worker-37] INFO  o.e.m.c.i.l.LifecycleMappingFactory - Using org.eclipse.m2e.jdt.JarLifecycleMapping lifecycle mapping for MavenProject: com.store:store-manager-dao:0.0.1-SNAPSHOT @ F:\StoreProject\store-manager\store-manager-dao\pom.xml.
2019-01-14 20:53:58,538 [Worker-37] WARN  o.e.m.c.i.embedder.EclipseLogger - The POM for com.taotao:taotao-manager-pojo:jar:0.0.1-SNAPSHOT is missing, no dependency information available
2019-01-14 20:54:00,320 [Worker-38] WARN  o.e.m.c.i.embedder.EclipseLogger - The artifact org.apache.commons:commons-io:jar:1.3.2 has been relocated to commons-io:commons-io:jar:1.3.2
2019-01-14 20:54:00,533 [Worker-38] INFO  o.e.m.c.i.embedder.EclipseLogger - Using 'UTF-8' encoding to copy filtered resources.
2019-01-14 20:54:00,539 [Worker-38] INFO  o.e.m.c.i.embedder.EclipseLogger - Copying 0 resource
2019-01-14 20:54:00,541 [Worker-38] INFO  o.e.m.c.i.embedder.EclipseLogger - Using 'UTF-8' encoding to copy filtered resources.
2019-01-14 20:54:00,542 [Worker-38] INFO  o.e.m.c.i.embedder.EclipseLogger - Copying 0 resource
2019-01-14 20:54:00,609 [Worker-38] WARN  o.e.m.c.i.embedder.EclipseLogger - The POM for com.taotao:taotao-manager-pojo:jar:0.0.1-SNAPSHOT is missing, no dependency information available
2019-01-14 20:54:00,631 [Worker-38] INFO  o.e.m.c.i.embedder.EclipseLogger - Using 'UTF-8' encoding to copy filtered resources.
2019-01-14 20:54:00,631 [Worker-38] INFO  o.e.m.c.i.embedder.EclipseLogger - Copying 0 resource
2019-01-14 20:54:00,632 [Worker-38] INFO  o.e.m.c.i.embedder.EclipseLogger - Using 'UTF-8' encoding to copy filtered resources.
2019-01-14 20:54:00,633 [Worker-38] INFO  o.e.m.c.i.embedder.EclipseLogger - Copying 0 resource
2019-01-14 20:54:00,699 [Worker-38] INFO  o.e.m.c.i.embedder.EclipseLogger - Using 'UTF-8' encoding to copy filtered resources.
2019-01-14 20:54:00,699 [Worker-38] INFO  o.e.m.c.i.embedder.EclipseLogger - Copying 0 resource
2019-01-14 20:54:00,700 [Worker-38] INFO  o.e.m.c.i.embedder.EclipseLogger - Using 'UTF-8' encoding to copy filtered resources.
2019-01-14 20:54:00,701 [Worker-38] INFO  o.e.m.c.i.embedder.EclipseLogger - Copying 0 resource
2019-01-14 20:57:48,892 [Worker-39] INFO  o.e.m.i.launch.MavenLaunchDelegate - F:\StoreProject\store-manager\store-manager-dao
2019-01-14 20:57:48,893 [Worker-39] INFO  o.e.m.i.launch.MavenLaunchDelegate -  mvn -B install
2019-01-14 20:58:26,460 [Worker-29] INFO  o.e.m.c.i.l.LifecycleMappingFactory - Using org.eclipse.m2e.jdt.JarLifecycleMapping lifecycle mapping for MavenProject: com.store:store-manager-dao:0.0.1-SNAPSHOT @ F:\StoreProject\store-manager\store-manager-dao\pom.xml.
2019-01-14 20:58:26,563 [Worker-29] INFO  o.e.m.c.i.embedder.EclipseLogger - Using 'UTF-8' encoding to copy filtered resources.
2019-01-14 20:58:26,564 [Worker-29] INFO  o.e.m.c.i.embedder.EclipseLogger - Copying 0 resource
2019-01-14 20:58:26,565 [Worker-29] INFO  o.e.m.c.i.embedder.EclipseLogger - Using 'UTF-8' encoding to copy filtered resources.
2019-01-14 20:58:26,565 [Worker-29] INFO  o.e.m.c.i.embedder.EclipseLogger - Copying 0 resource
2019-01-14 20:58:27,965 [Worker-38] INFO  o.e.m.c.i.embedder.EclipseLogger - Using 'UTF-8' encoding to copy filtered resources.
2019-01-14 20:58:27,966 [Worker-38] INFO  o.e.m.c.i.embedder.EclipseLogger - Copying 0 resource
2019-01-14 20:58:27,967 [Worker-38] INFO  o.e.m.c.i.embedder.EclipseLogger - Using 'UTF-8' encoding to copy filtered resources.
2019-01-14 20:58:27,968 [Worker-38] INFO  o.e.m.c.i.embedder.EclipseLogger - Copying 0 resource
2019-01-14 21:01:54,615 [Worker-37] INFO  o.e.m.c.i.l.LifecycleMappingFactory - Using org.eclipse.m2e.jdt.JarLifecycleMapping lifecycle mapping for MavenProject: com.store:store-manager-dao:0.0.1-SNAPSHOT @ F:\StoreProject\store-manager\store-manager-dao\pom.xml.
2019-01-14 21:01:54,731 [Worker-37] INFO  o.e.m.c.i.embedder.EclipseLogger - Using 'UTF-8' encoding to copy filtered resources.
2019-01-14 21:01:54,731 [Worker-37] INFO  o.e.m.c.i.embedder.EclipseLogger - Copying 0 resource
2019-01-14 21:01:54,732 [Worker-37] INFO  o.e.m.c.i.embedder.EclipseLogger - Using 'UTF-8' encoding to copy filtered resources.
2019-01-14 21:01:54,732 [Worker-37] INFO  o.e.m.c.i.embedder.EclipseLogger - Copying 0 resource
2019-01-14 21:01:56,161 [Worker-39] INFO  o.e.m.c.i.embedder.EclipseLogger - Using 'UTF-8' encoding to copy filtered resources.
2019-01-14 21:01:56,161 [Worker-39] INFO  o.e.m.c.i.embedder.EclipseLogger - Copying 0 resource
2019-01-14 21:01:56,162 [Worker-39] INFO  o.e.m.c.i.embedder.EclipseLogger - Using 'UTF-8' encoding to copy filtered resources.
2019-01-14 21:01:56,163 [Worker-39] INFO  o.e.m.c.i.embedder.EclipseLogger - Copying 0 resource
2019-01-14 21:06:45,282 [Worker-37] INFO  o.e.m.c.i.l.LifecycleMappingFactory - Using org.eclipse.m2e.jdt.JarLifecycleMapping lifecycle mapping for MavenProject: com.store:store-manager-interface:0.0.1-SNAPSHOT @ F:\StoreProject\store-manager\store-manager-interface\pom.xml.
2019-01-14 21:06:45,454 [Worker-37] INFO  o.e.m.j.i.AbstractJavaProjectConfigurator - Adding source folder /store-manager-interface/src/main/java
2019-01-14 21:06:45,455 [Worker-37] INFO  o.e.m.j.i.AbstractJavaProjectConfigurator - Adding resource folder /store-manager-interface/src/main/resources
2019-01-14 21:06:45,460 [Worker-37] INFO  o.e.m.j.i.AbstractJavaProjectConfigurator - Adding source folder /store-manager-interface/src/test/java
2019-01-14 21:06:45,460 [Worker-37] INFO  o.e.m.j.i.AbstractJavaProjectConfigurator - Adding resource folder /store-manager-interface/src/test/resources
2019-01-14 21:06:45,892 [Worker-41] INFO  o.e.m.c.i.l.LifecycleMappingFactory - Using NULL lifecycle mapping for MavenProject: com.store:store-manager:0.0.1-SNAPSHOT @ F:\StoreProject\store-manager\pom.xml.
2019-01-14 21:06:46,000 [Worker-41] INFO  o.e.m.c.i.l.LifecycleMappingFactory - Using org.eclipse.m2e.jdt.JarLifecycleMapping lifecycle mapping for MavenProject: com.store:store-manager-pojo:0.0.1-SNAPSHOT @ F:\StoreProject\store-manager\store-manager-pojo\pom.xml.
2019-01-14 21:06:46,032 [Worker-41] INFO  o.e.m.c.i.l.LifecycleMappingFactory - Using org.eclipse.m2e.jdt.JarLifecycleMapping lifecycle mapping for MavenProject: com.store:store-manager-dao:0.0.1-SNAPSHOT @ F:\StoreProject\store-manager\store-manager-dao\pom.xml.
2019-01-14 21:06:46,085 [Worker-41] INFO  o.e.m.c.i.l.LifecycleMappingFactory - Using org.eclipse.m2e.jdt.JarLifecycleMapping lifecycle mapping for MavenProject: com.store:store-manager-interface:0.0.1-SNAPSHOT @ F:\StoreProject\store-manager\store-manager-interface\pom.xml.
2019-01-14 21:06:46,508 [Worker-41] INFO  o.e.m.c.i.embedder.EclipseLogger - Using 'UTF-8' encoding to copy filtered resources.
2019-01-14 21:06:46,508 [Worker-41] INFO  o.e.m.c.i.embedder.EclipseLogger - Copying 0 resource
2019-01-14 21:06:46,511 [Worker-41] INFO  o.e.m.c.i.embedder.EclipseLogger - Using 'UTF-8' encoding to copy filtered resources.
2019-01-14 21:06:46,511 [Worker-41] INFO  o.e.m.c.i.embedder.EclipseLogger - Copying 0 resource
2019-01-14 21:06:46,844 [Worker-41] INFO  o.e.m.c.i.embedder.EclipseLogger - Using 'UTF-8' encoding to copy filtered resources.
2019-01-14 21:06:46,845 [Worker-41] INFO  o.e.m.c.i.embedder.EclipseLogger - Copying 0 resource
2019-01-14 21:06:46,846 [Worker-41] INFO  o.e.m.c.i.embedder.EclipseLogger - Using 'UTF-8' encoding to copy filtered resources.
2019-01-14 21:06:46,846 [Worker-41] INFO  o.e.m.c.i.embedder.EclipseLogger - Copying 0 resource
2019-01-14 21:06:46,938 [Worker-41] INFO  o.e.m.c.i.embedder.EclipseLogger - Using 'UTF-8' encoding to copy filtered resources.
2019-01-14 21:06:46,939 [Worker-41] INFO  o.e.m.c.i.embedder.EclipseLogger - Copying 0 resource
2019-01-14 21:06:46,940 [Worker-41] INFO  o.e.m.c.i.embedder.EclipseLogger - Using 'UTF-8' encoding to copy filtered resources.
2019-01-14 21:06:46,940 [Worker-41] INFO  o.e.m.c.i.embedder.EclipseLogger - Copying 0 resource
2019-01-14 21:08:30,408 [Worker-42] INFO  o.e.m.c.i.l.LifecycleMappingFactory - Using org.eclipse.m2e.jdt.JarLifecycleMapping lifecycle mapping for MavenProject: com.store:store-manager-interface:0.0.1-SNAPSHOT @ F:\StoreProject\store-manager\store-manager-interface\pom.xml.
2019-01-14 21:08:30,508 [Worker-42] INFO  o.e.m.c.i.embedder.EclipseLogger - Using 'UTF-8' encoding to copy filtered resources.
2019-01-14 21:08:30,508 [Worker-42] INFO  o.e.m.c.i.embedder.EclipseLogger - Copying 0 resource
2019-01-14 21:08:30,509 [Worker-42] INFO  o.e.m.c.i.embedder.EclipseLogger - Using 'UTF-8' encoding to copy filtered resources.
2019-01-14 21:08:30,510 [Worker-42] INFO  o.e.m.c.i.embedder.EclipseLogger - Copying 0 resource
2019-01-14 21:08:31,829 [Worker-39] INFO  o.e.m.c.i.embedder.EclipseLogger - Using 'UTF-8' encoding to copy filtered resources.
2019-01-14 21:08:31,829 [Worker-39] INFO  o.e.m.c.i.embedder.EclipseLogger - Copying 0 resource
2019-01-14 21:08:31,830 [Worker-39] INFO  o.e.m.c.i.embedder.EclipseLogger - Using 'UTF-8' encoding to copy filtered resources.
2019-01-14 21:08:31,830 [Worker-39] INFO  o.e.m.c.i.embedder.EclipseLogger - Copying 0 resource
2019-01-14 21:09:27,031 [Worker-39] INFO  o.e.m.c.i.l.LifecycleMappingFactory - Using org.maven.ide.eclipse.wtp.WarLifecycleMapping lifecycle mapping for MavenProject: com.store:store-manager-service:0.0.1-SNAPSHOT @ F:\StoreProject\store-manager\store-manager-service\pom.xml.
2019-01-14 21:09:28,217 [Worker-39] INFO  o.e.m.j.i.AbstractJavaProjectConfigurator - Adding source folder /store-manager-service/src/main/java
2019-01-14 21:09:28,217 [Worker-39] INFO  o.e.m.j.i.AbstractJavaProjectConfigurator - Adding resource folder /store-manager-service/src/main/resources
2019-01-14 21:09:28,221 [Worker-39] INFO  o.e.m.j.i.AbstractJavaProjectConfigurator - Adding source folder /store-manager-service/src/test/java
2019-01-14 21:09:28,221 [Worker-39] INFO  o.e.m.j.i.AbstractJavaProjectConfigurator - Adding resource folder /store-manager-service/src/test/resources
2019-01-14 21:09:31,612 [Worker-41] INFO  o.e.m.c.i.embedder.EclipseLogger - Using 'UTF-8' encoding to copy filtered resources.
2019-01-14 21:09:31,613 [Worker-41] INFO  o.e.m.c.i.embedder.EclipseLogger - Copying 0 resource
2019-01-14 21:09:31,614 [Worker-41] INFO  o.e.m.c.i.embedder.EclipseLogger - Using 'UTF-8' encoding to copy filtered resources.
2019-01-14 21:09:31,614 [Worker-41] INFO  o.e.m.c.i.embedder.EclipseLogger - Copying 0 resource
2019-01-14 21:09:31,729 [Worker-41] INFO  o.e.m.c.i.l.LifecycleMappingFactory - Using NULL lifecycle mapping for MavenProject: com.store:store-manager:0.0.1-SNAPSHOT @ F:\StoreProject\store-manager\pom.xml.
2019-01-14 21:09:31,809 [Worker-41] INFO  o.e.m.c.i.l.LifecycleMappingFactory - Using org.eclipse.m2e.jdt.JarLifecycleMapping lifecycle mapping for MavenProject: com.store:store-manager-dao:0.0.1-SNAPSHOT @ F:\StoreProject\store-manager\store-manager-dao\pom.xml.
2019-01-14 21:09:31,873 [Worker-41] INFO  o.e.m.c.i.l.LifecycleMappingFactory - Using org.eclipse.m2e.jdt.JarLifecycleMapping lifecycle mapping for MavenProject: com.store:store-manager-pojo:0.0.1-SNAPSHOT @ F:\StoreProject\store-manager\store-manager-pojo\pom.xml.
2019-01-14 21:09:31,915 [Worker-41] INFO  o.e.m.c.i.l.LifecycleMappingFactory - Using org.eclipse.m2e.jdt.JarLifecycleMapping lifecycle mapping for MavenProject: com.store:store-manager-interface:0.0.1-SNAPSHOT @ F:\StoreProject\store-manager\store-manager-interface\pom.xml.
2019-01-14 21:09:31,947 [Worker-41] INFO  o.e.m.c.i.l.LifecycleMappingFactory - Using org.maven.ide.eclipse.wtp.WarLifecycleMapping lifecycle mapping for MavenProject: com.store:store-manager-service:0.0.1-SNAPSHOT @ F:\StoreProject\store-manager\store-manager-service\pom.xml.
2019-01-14 21:09:33,156 [Worker-40] INFO  o.e.m.c.i.embedder.EclipseLogger - Using 'UTF-8' encoding to copy filtered resources.
2019-01-14 21:09:33,156 [Worker-40] INFO  o.e.m.c.i.embedder.EclipseLogger - Copying 0 resource
2019-01-14 21:09:33,158 [Worker-40] INFO  o.e.m.c.i.embedder.EclipseLogger - Using 'UTF-8' encoding to copy filtered resources.
2019-01-14 21:09:33,158 [Worker-40] INFO  o.e.m.c.i.embedder.EclipseLogger - Copying 0 resource
2019-01-14 21:09:33,241 [Worker-40] INFO  o.e.m.c.i.embedder.EclipseLogger - Using 'UTF-8' encoding to copy filtered resources.
2019-01-14 21:09:33,241 [Worker-40] INFO  o.e.m.c.i.embedder.EclipseLogger - Copying 0 resource
2019-01-14 21:09:33,242 [Worker-40] INFO  o.e.m.c.i.embedder.EclipseLogger - Using 'UTF-8' encoding to copy filtered resources.
2019-01-14 21:09:33,243 [Worker-40] INFO  o.e.m.c.i.embedder.EclipseLogger - Copying 0 resource
2019-01-14 21:09:33,335 [Worker-40] INFO  o.e.m.c.i.embedder.EclipseLogger - Using 'UTF-8' encoding to copy filtered resources.
2019-01-14 21:09:33,335 [Worker-40] INFO  o.e.m.c.i.embedder.EclipseLogger - Copying 0 resource
2019-01-14 21:09:33,337 [Worker-40] INFO  o.e.m.c.i.embedder.EclipseLogger - Using 'UTF-8' encoding to copy filtered resources.
2019-01-14 21:09:33,337 [Worker-40] INFO  o.e.m.c.i.embedder.EclipseLogger - Copying 0 resource
2019-01-14 21:09:33,547 [Worker-40] INFO  o.e.m.c.i.embedder.EclipseLogger - Using 'UTF-8' encoding to copy filtered resources.
2019-01-14 21:09:33,548 [Worker-40] INFO  o.e.m.c.i.embedder.EclipseLogger - Copying 0 resource
2019-01-14 21:09:33,549 [Worker-40] INFO  o.e.m.c.i.embedder.EclipseLogger - Using 'UTF-8' encoding to copy filtered resources.
2019-01-14 21:09:33,549 [Worker-40] INFO  o.e.m.c.i.embedder.EclipseLogger - Copying 0 resource
2019-01-14 21:10:03,622 [Worker-42] INFO  o.e.m.c.i.embedder.EclipseLogger - Using 'UTF-8' encoding to copy filtered resources.
2019-01-14 21:10:03,622 [Worker-42] INFO  o.e.m.c.i.embedder.EclipseLogger - Copying 0 resource
2019-01-14 21:10:03,623 [Worker-42] INFO  o.e.m.c.i.embedder.EclipseLogger - Using 'UTF-8' encoding to copy filtered resources.
2019-01-14 21:10:03,624 [Worker-42] INFO  o.e.m.c.i.embedder.EclipseLogger - Copying 0 resource
2019-01-14 21:10:12,087 [Worker-40] INFO  o.e.m.c.i.embedder.EclipseLogger - Using 'UTF-8' encoding to copy filtered resources.
2019-01-14 21:10:12,087 [Worker-40] INFO  o.e.m.c.i.embedder.EclipseLogger - Copying 0 resource
2019-01-14 21:10:12,088 [Worker-40] INFO  o.e.m.c.i.embedder.EclipseLogger - Using 'UTF-8' encoding to copy filtered resources.
2019-01-14 21:10:12,088 [Worker-40] INFO  o.e.m.c.i.embedder.EclipseLogger - Copying 0 resource
2019-01-14 21:12:05,173 [Worker-39] INFO  o.e.m.c.i.l.LifecycleMappingFactory - Using org.maven.ide.eclipse.wtp.WarLifecycleMapping lifecycle mapping for MavenProject: com.store:store-manager-service:0.0.1-SNAPSHOT @ F:\StoreProject\store-manager\store-manager-service\pom.xml.
2019-01-14 21:12:05,472 [Worker-39] WARN  o.e.m.c.i.embedder.EclipseLogger - The artifact org.apache.commons:commons-io:jar:1.3.2 has been relocated to commons-io:commons-io:jar:1.3.2
2019-01-14 21:12:06,032 [Worker-39] INFO  o.e.m.c.i.embedder.EclipseLogger - Using 'UTF-8' encoding to copy filtered resources.
2019-01-14 21:12:06,033 [Worker-39] INFO  o.e.m.c.i.embedder.EclipseLogger - Copying 0 resource
2019-01-14 21:12:06,033 [Worker-39] INFO  o.e.m.c.i.embedder.EclipseLogger - Using 'UTF-8' encoding to copy filtered resources.
2019-01-14 21:12:06,034 [Worker-39] INFO  o.e.m.c.i.embedder.EclipseLogger - Copying 0 resource
2019-01-14 21:12:06,034 [Worker-39] INFO  o.e.m.w.i.f.ResourceFilteringBuildParticipant - Changed resources require a complete clean of filtered resources of store-manager-service
2019-01-14 21:12:06,078 [Worker-39] INFO  o.e.m.w.i.f.ResourceFilteringBuildParticipant - Executing resource filtering for store-manager-service
2019-01-14 21:12:06,083 [Worker-39] INFO  o.e.m.c.i.embedder.EclipseLogger - Using 'UTF-8' encoding to copy filtered resources.
2019-01-14 21:12:07,210 [Worker-39] INFO  o.e.m.c.i.embedder.EclipseLogger - Using 'UTF-8' encoding to copy filtered resources.
2019-01-14 21:12:07,211 [Worker-39] INFO  o.e.m.c.i.embedder.EclipseLogger - Copying 0 resource
2019-01-14 21:12:07,214 [Worker-39] INFO  o.e.m.c.i.embedder.EclipseLogger - Using 'UTF-8' encoding to copy filtered resources.
2019-01-14 21:12:07,214 [Worker-39] INFO  o.e.m.c.i.embedder.EclipseLogger - Copying 0 resource
2019-01-14 21:12:07,240 [Worker-39] INFO  o.e.m.c.i.embedder.EclipseLogger - Using 'UTF-8' encoding to copy filtered resources.
2019-01-14 21:12:07,240 [Worker-39] INFO  o.e.m.c.i.embedder.EclipseLogger - Copying 0 resource
2019-01-14 21:12:07,241 [Worker-39] INFO  o.e.m.c.i.embedder.EclipseLogger - Using 'UTF-8' encoding to copy filtered resources.
2019-01-14 21:12:07,242 [Worker-39] INFO  o.e.m.c.i.embedder.EclipseLogger - Copying 0 resource
2019-01-14 21:12:55,681 [Worker-43] INFO  o.e.m.c.i.l.LifecycleMappingFactory - Using org.maven.ide.eclipse.wtp.WarLifecycleMapping lifecycle mapping for MavenProject: com.store:store-manager-service:0.0.1-SNAPSHOT @ F:\StoreProject\store-manager\store-manager-service\pom.xml.
2019-01-14 21:12:56,652 [Worker-43] INFO  o.e.m.c.i.embedder.EclipseLogger - Using 'UTF-8' encoding to copy filtered resources.
2019-01-14 21:12:56,652 [Worker-43] INFO  o.e.m.c.i.embedder.EclipseLogger - Copying 0 resource
2019-01-14 21:12:56,653 [Worker-43] INFO  o.e.m.c.i.embedder.EclipseLogger - Using 'UTF-8' encoding to copy filtered resources.
2019-01-14 21:12:56,653 [Worker-43] INFO  o.e.m.c.i.embedder.EclipseLogger - Copying 0 resource
2019-01-14 21:12:56,653 [Worker-43] INFO  o.e.m.w.i.f.ResourceFilteringBuildParticipant - Changed resources require a complete clean of filtered resources of store-manager-service
2019-01-14 21:12:56,653 [Worker-43] INFO  o.e.m.w.i.f.ResourceFilteringBuildParticipant - Executing resource filtering for store-manager-service
2019-01-14 21:12:56,657 [Worker-43] INFO  o.e.m.c.i.embedder.EclipseLogger - Using 'UTF-8' encoding to copy filtered resources.
2019-01-14 21:18:14,059 [Worker-42] WARN  o.e.m.c.i.embedder.EclipseLogger - The artifact org.apache.commons:commons-io:jar:1.3.2 has been relocated to commons-io:commons-io:jar:1.3.2
2019-01-14 21:19:03,422 [Worker-44] INFO  o.e.m.c.i.embedder.EclipseLogger - Using 'UTF-8' encoding to copy filtered resources.
2019-01-14 21:19:03,428 [Worker-44] INFO  o.e.m.c.i.embedder.EclipseLogger - Copying 0 resource
2019-01-14 21:19:03,429 [Worker-44] INFO  o.e.m.c.i.embedder.EclipseLogger - Using 'UTF-8' encoding to copy filtered resources.
2019-01-14 21:19:03,429 [Worker-44] INFO  o.e.m.c.i.embedder.EclipseLogger - Copying 0 resource
2019-01-14 21:24:48,421 [Worker-44] INFO  o.e.m.c.i.l.LifecycleMappingFactory - Using org.maven.ide.eclipse.wtp.WarLifecycleMapping lifecycle mapping for MavenProject: com.store:store-manager-web:0.0.1-SNAPSHOT @ F:\StoreProject\store-manager-web\pom.xml.
2019-01-14 21:24:48,819 [Worker-44] INFO  o.e.m.j.i.AbstractJavaProjectConfigurator - Adding source folder /store-manager-web/src/main/java
2019-01-14 21:24:48,819 [Worker-44] INFO  o.e.m.j.i.AbstractJavaProjectConfigurator - Adding resource folder /store-manager-web/src/main/resources
2019-01-14 21:24:48,829 [Worker-44] INFO  o.e.m.j.i.AbstractJavaProjectConfigurator - Adding source folder /store-manager-web/src/test/java
2019-01-14 21:24:48,829 [Worker-44] INFO  o.e.m.j.i.AbstractJavaProjectConfigurator - Adding resource folder /store-manager-web/src/test/resources
2019-01-14 21:24:49,295 [Worker-42] INFO  o.e.m.c.i.embedder.EclipseLogger - Using 'UTF-8' encoding to copy filtered resources.
2019-01-14 21:24:49,296 [Worker-42] INFO  o.e.m.c.i.embedder.EclipseLogger - Copying 0 resource
2019-01-14 21:24:49,296 [Worker-42] INFO  o.e.m.c.i.embedder.EclipseLogger - Using 'UTF-8' encoding to copy filtered resources.
2019-01-14 21:24:49,296 [Worker-42] INFO  o.e.m.c.i.embedder.EclipseLogger - Copying 0 resource
2019-01-14 21:24:50,410 [Worker-41] INFO  o.e.m.c.i.embedder.EclipseLogger - Using 'UTF-8' encoding to copy filtered resources.
2019-01-14 21:24:50,411 [Worker-41] INFO  o.e.m.c.i.embedder.EclipseLogger - Copying 0 resource
2019-01-14 21:24:50,411 [Worker-41] INFO  o.e.m.c.i.embedder.EclipseLogger - Using 'UTF-8' encoding to copy filtered resources.
2019-01-14 21:24:50,411 [Worker-41] INFO  o.e.m.c.i.embedder.EclipseLogger - Copying 0 resource
2019-01-14 21:25:07,497 [Worker-42] INFO  o.e.m.c.i.embedder.EclipseLogger - Using 'UTF-8' encoding to copy filtered resources.
2019-01-14 21:25:07,497 [Worker-42] INFO  o.e.m.c.i.embedder.EclipseLogger - Copying 0 resource
2019-01-14 21:25:07,498 [Worker-42] INFO  o.e.m.c.i.embedder.EclipseLogger - Using 'UTF-8' encoding to copy filtered resources.
2019-01-14 21:25:07,498 [Worker-42] INFO  o.e.m.c.i.embedder.EclipseLogger - Copying 0 resource
2019-01-14 21:25:14,168 [Worker-44] INFO  o.e.m.c.i.embedder.EclipseLogger - Using 'UTF-8' encoding to copy filtered resources.
2019-01-14 21:25:14,168 [Worker-44] INFO  o.e.m.c.i.embedder.EclipseLogger - Copying 0 resource
2019-01-14 21:25:14,169 [Worker-44] INFO  o.e.m.c.i.embedder.EclipseLogger - Using 'UTF-8' encoding to copy filtered resources.
2019-01-14 21:25:14,169 [Worker-44] INFO  o.e.m.c.i.embedder.EclipseLogger - Copying 0 resource
2019-01-14 21:26:55,185 [Worker-42] INFO  o.e.m.c.i.l.LifecycleMappingFactory - Using org.maven.ide.eclipse.wtp.WarLifecycleMapping lifecycle mapping for MavenProject: com.store:store-manager-web:0.0.1-SNAPSHOT @ F:\StoreProject\store-manager-web\pom.xml.
2019-01-14 21:26:57,359 [Worker-42] INFO  o.e.m.c.i.e.AbstractTransferListenerAdapter - Downloading https://repo.maven.apache.org/maven2/commons-fileupload/commons-fileupload/1.3.1/commons-fileupload-1.3.1.pom
2019-01-14 21:26:58,223 [Worker-42] INFO  o.e.m.c.i.e.AbstractTransferListenerAdapter - Downloaded https://repo.maven.apache.org/maven2/commons-fileupload/commons-fileupload/1.3.1/commons-fileupload-1.3.1.pom
2019-01-14 21:26:58,465 [Worker-42] INFO  o.e.m.c.i.e.AbstractTransferListenerAdapter - Downloading https://repo.maven.apache.org/maven2/org/apache/commons/commons-parent/32/commons-parent-32.pom
2019-01-14 21:27:06,558 [Worker-42] INFO  o.e.m.c.i.e.AbstractTransferListenerAdapter - Downloaded https://repo.maven.apache.org/maven2/org/apache/commons/commons-parent/32/commons-parent-32.pom
2019-01-14 21:27:06,799 [Worker-42] INFO  o.e.m.c.i.e.AbstractTransferListenerAdapter - Downloading https://repo.maven.apache.org/maven2/commons-io/commons-io/2.2/commons-io-2.2.pom
2019-01-14 21:27:08,654 [Worker-42] INFO  o.e.m.c.i.e.AbstractTransferListenerAdapter - Downloaded https://repo.maven.apache.org/maven2/commons-io/commons-io/2.2/commons-io-2.2.pom
2019-01-14 21:27:08,894 [Worker-42] INFO  o.e.m.c.i.e.AbstractTransferListenerAdapter - Downloading https://repo.maven.apache.org/maven2/org/apache/commons/commons-parent/24/commons-parent-24.pom
2019-01-14 21:27:13,646 [Worker-42] INFO  o.e.m.c.i.e.AbstractTransferListenerAdapter - Downloaded https://repo.maven.apache.org/maven2/org/apache/commons/commons-parent/24/commons-parent-24.pom
2019-01-14 21:27:14,574 [Worker-42] INFO  o.e.m.c.i.e.AbstractTransferListenerAdapter - Downloading https://repo.maven.apache.org/maven2/commons-fileupload/commons-fileupload/1.3.1/commons-fileupload-1.3.1.jar
2019-01-14 21:27:20,190 [Worker-42] INFO  o.e.m.c.i.e.AbstractTransferListenerAdapter - Downloaded https://repo.maven.apache.org/maven2/commons-fileupload/commons-fileupload/1.3.1/commons-fileupload-1.3.1.jar
2019-01-14 21:27:20,427 [Worker-42] INFO  o.e.m.c.i.e.AbstractTransferListenerAdapter - Downloading https://repo.maven.apache.org/maven2/commons-io/commons-io/2.2/commons-io-2.2.jar
2019-01-14 21:27:45,126 [Worker-42] INFO  o.e.m.c.i.e.AbstractTransferListenerAdapter - Downloaded https://repo.maven.apache.org/maven2/commons-io/commons-io/2.2/commons-io-2.2.jar
2019-01-14 21:27:45,849 [Worker-42] INFO  o.e.m.c.i.embedder.EclipseLogger - Using 'UTF-8' encoding to copy filtered resources.
2019-01-14 21:27:45,849 [Worker-42] INFO  o.e.m.c.i.embedder.EclipseLogger - Copying 0 resource
2019-01-14 21:27:45,850 [Worker-42] INFO  o.e.m.c.i.embedder.EclipseLogger - Using 'UTF-8' encoding to copy filtered resources.
2019-01-14 21:27:45,850 [Worker-42] INFO  o.e.m.c.i.embedder.EclipseLogger - Copying 0 resource
2019-01-14 21:27:45,850 [Worker-42] INFO  o.e.m.w.i.f.ResourceFilteringBuildParticipant - Changed resources require a complete clean of filtered resources of store-manager-web
2019-01-14 21:27:45,850 [Worker-42] INFO  o.e.m.w.i.f.ResourceFilteringBuildParticipant - Executing resource filtering for store-manager-web
2019-01-14 21:27:45,854 [Worker-42] INFO  o.e.m.c.i.embedder.EclipseLogger - Using 'UTF-8' encoding to copy filtered resources.
2019-01-14 21:28:21,588 [Worker-48] INFO  o.e.m.c.i.embedder.EclipseLogger - Using 'UTF-8' encoding to copy filtered resources.
2019-01-14 21:28:21,588 [Worker-48] INFO  o.e.m.c.i.embedder.EclipseLogger - Copying 0 resource
2019-01-14 21:28:21,589 [Worker-48] INFO  o.e.m.c.i.embedder.EclipseLogger - Using 'UTF-8' encoding to copy filtered resources.
2019-01-14 21:28:21,589 [Worker-48] INFO  o.e.m.c.i.embedder.EclipseLogger - Copying 0 resource
2019-01-14 21:28:49,513 [Worker-41] INFO  o.e.m.c.i.embedder.EclipseLogger - Using 'UTF-8' encoding to copy filtered resources.
2019-01-14 21:28:49,514 [Worker-41] INFO  o.e.m.c.i.embedder.EclipseLogger - Copying 0 resource
2019-01-14 21:28:49,516 [Worker-41] INFO  o.e.m.c.i.embedder.EclipseLogger - Using 'UTF-8' encoding to copy filtered resources.
2019-01-14 21:28:49,516 [Worker-41] INFO  o.e.m.c.i.embedder.EclipseLogger - Copying 0 resource
2019-01-14 21:28:53,067 [Worker-47] INFO  o.e.m.c.i.l.LifecycleMappingFactory - Using org.eclipse.m2e.jdt.JarLifecycleMapping lifecycle mapping for MavenProject: com.store:store-manager-dao:0.0.1-SNAPSHOT @ F:\StoreProject\store-manager\store-manager-dao\pom.xml.
2019-01-14 21:28:53,070 [Worker-47] WARN  o.e.m.c.i.embedder.EclipseLogger - The POM for com.store:store-common:jar:0.0.1-SNAPSHOT is missing, no dependency information available
2019-01-14 21:28:53,099 [Worker-47] INFO  o.e.m.c.i.l.LifecycleMappingFactory - Using NULL lifecycle mapping for MavenProject: com.store:store-manager:0.0.1-SNAPSHOT @ F:\StoreProject\store-manager\pom.xml.
2019-01-14 21:28:53,131 [Worker-47] INFO  o.e.m.c.i.l.LifecycleMappingFactory - Using org.eclipse.m2e.jdt.JarLifecycleMapping lifecycle mapping for MavenProject: com.store:store-manager-pojo:0.0.1-SNAPSHOT @ F:\StoreProject\store-manager\store-manager-pojo\pom.xml.
2019-01-14 21:28:53,156 [Worker-47] INFO  o.e.m.c.i.l.LifecycleMappingFactory - Using org.eclipse.m2e.jdt.JarLifecycleMapping lifecycle mapping for MavenProject: com.store:store-manager-interface:0.0.1-SNAPSHOT @ F:\StoreProject\store-manager\store-manager-interface\pom.xml.
2019-01-14 21:28:53,178 [Worker-47] INFO  o.e.m.c.i.l.LifecycleMappingFactory - Using org.maven.ide.eclipse.wtp.WarLifecycleMapping lifecycle mapping for MavenProject: com.store:store-manager-service:0.0.1-SNAPSHOT @ F:\StoreProject\store-manager\store-manager-service\pom.xml.
2019-01-14 21:28:53,272 [Worker-47] WARN  o.e.m.c.i.embedder.EclipseLogger - The POM for com.store:store-common:jar:0.0.1-SNAPSHOT is missing, no dependency information available
2019-01-14 21:28:53,619 [Worker-48] WARN  o.e.m.c.i.embedder.EclipseLogger - The POM for com.store:store-common:jar:0.0.1-SNAPSHOT is missing, no dependency information available
2019-01-14 21:28:53,629 [Worker-48] WARN  o.e.m.c.i.embedder.EclipseLogger - The POM for com.store:store-common:jar:0.0.1-SNAPSHOT is missing, no dependency information available
2019-01-14 21:28:53,633 [Worker-48] INFO  o.e.m.c.i.embedder.EclipseLogger - Using 'UTF-8' encoding to copy filtered resources.
2019-01-14 21:28:53,633 [Worker-48] INFO  o.e.m.c.i.embedder.EclipseLogger - Copying 0 resource
2019-01-14 21:28:53,634 [Worker-48] INFO  o.e.m.c.i.embedder.EclipseLogger - Using 'UTF-8' encoding to copy filtered resources.
2019-01-14 21:28:53,635 [Worker-48] INFO  o.e.m.c.i.embedder.EclipseLogger - Copying 0 resource
2019-01-14 21:28:53,648 [Worker-48] WARN  o.e.m.c.i.embedder.EclipseLogger - The POM for com.store:store-common:jar:0.0.1-SNAPSHOT is missing, no dependency information available
2019-01-14 21:28:53,659 [Worker-48] INFO  o.e.m.c.i.embedder.EclipseLogger - Using 'UTF-8' encoding to copy filtered resources.
2019-01-14 21:28:53,659 [Worker-48] INFO  o.e.m.c.i.embedder.EclipseLogger - Copying 0 resource
2019-01-14 21:28:53,660 [Worker-48] INFO  o.e.m.c.i.embedder.EclipseLogger - Using 'UTF-8' encoding to copy filtered resources.
2019-01-14 21:28:53,660 [Worker-48] INFO  o.e.m.c.i.embedder.EclipseLogger - Copying 0 resource
2019-01-14 21:28:53,671 [Worker-48] WARN  o.e.m.c.i.embedder.EclipseLogger - The POM for com.store:store-common:jar:0.0.1-SNAPSHOT is missing, no dependency information available
2019-01-14 21:28:53,696 [Worker-48] INFO  o.e.m.c.i.embedder.EclipseLogger - Using 'UTF-8' encoding to copy filtered resources.
2019-01-14 21:28:53,696 [Worker-48] INFO  o.e.m.c.i.embedder.EclipseLogger - Copying 0 resource
2019-01-14 21:28:53,697 [Worker-48] INFO  o.e.m.c.i.embedder.EclipseLogger - Using 'UTF-8' encoding to copy filtered resources.
2019-01-14 21:28:53,698 [Worker-48] INFO  o.e.m.c.i.embedder.EclipseLogger - Copying 0 resource
2019-01-14 21:28:53,712 [Worker-48] WARN  o.e.m.c.i.embedder.EclipseLogger - The POM for com.store:store-common:jar:0.0.1-SNAPSHOT is missing, no dependency information available
2019-01-14 21:28:53,764 [Worker-48] INFO  o.e.m.c.i.embedder.EclipseLogger - Using 'UTF-8' encoding to copy filtered resources.
2019-01-14 21:28:53,765 [Worker-48] INFO  o.e.m.c.i.embedder.EclipseLogger - Copying 0 resource
2019-01-14 21:28:53,766 [Worker-48] INFO  o.e.m.c.i.embedder.EclipseLogger - Using 'UTF-8' encoding to copy filtered resources.
2019-01-14 21:28:53,766 [Worker-48] INFO  o.e.m.c.i.embedder.EclipseLogger - Copying 0 resource
2019-01-14 21:28:59,304 [Worker-50] WARN  o.e.m.c.i.embedder.EclipseLogger - The artifact org.apache.commons:commons-io:jar:1.3.2 has been relocated to commons-io:commons-io:jar:1.3.2
2019-01-14 21:28:59,342 [Worker-50] WARN  o.e.m.c.i.embedder.EclipseLogger - The artifact org.apache.commons:commons-io:jar:1.3.2 has been relocated to commons-io:commons-io:jar:1.3.2
2019-01-14 21:29:05,216 [Worker-42] INFO  o.e.m.c.i.embedder.EclipseLogger - Using 'UTF-8' encoding to copy filtered resources.
2019-01-14 21:29:05,217 [Worker-42] INFO  o.e.m.c.i.embedder.EclipseLogger - Copying 0 resource
2019-01-14 21:29:05,217 [Worker-42] INFO  o.e.m.c.i.embedder.EclipseLogger - Using 'UTF-8' encoding to copy filtered resources.
2019-01-14 21:29:05,217 [Worker-42] INFO  o.e.m.c.i.embedder.EclipseLogger - Copying 0 resource
2019-01-14 21:29:20,390 [Worker-41] INFO  o.e.m.c.i.embedder.EclipseLogger - Using 'UTF-8' encoding to copy filtered resources.
2019-01-14 21:29:20,391 [Worker-41] INFO  o.e.m.c.i.embedder.EclipseLogger - Copying 0 resource
2019-01-14 21:29:20,391 [Worker-41] INFO  o.e.m.c.i.embedder.EclipseLogger - Using 'UTF-8' encoding to copy filtered resources.
2019-01-14 21:29:20,392 [Worker-41] INFO  o.e.m.c.i.embedder.EclipseLogger - Copying 0 resource
2019-01-14 21:29:34,191 [Worker-50] WARN  o.e.m.c.i.embedder.EclipseLogger - The POM for com.store:store-common:jar:0.0.1-SNAPSHOT is missing, no dependency information available
2019-01-14 21:29:51,685 [Worker-51] WARN  o.e.m.c.i.embedder.EclipseLogger - The POM for com.store:store-common:jar:0.0.1-SNAPSHOT is missing, no dependency information available
2019-01-14 21:31:33,397 [Worker-42] INFO  o.e.m.c.i.l.LifecycleMappingFactory - Using NULL lifecycle mapping for MavenProject: com.store:store-parent:0.0.1-SNAPSHOT @ F:\StoreProject\store-parent\pom.xml.
2019-01-14 21:31:33,589 [Worker-42] INFO  o.e.m.c.i.l.LifecycleMappingFactory - Using org.maven.ide.eclipse.wtp.WarLifecycleMapping lifecycle mapping for MavenProject: com.store:store-manager-web:0.0.1-SNAPSHOT @ F:\StoreProject\store-manager-web\pom.xml.
2019-01-14 21:31:33,605 [Worker-42] INFO  o.e.m.c.i.l.LifecycleMappingFactory - Using NULL lifecycle mapping for MavenProject: com.store:store-manager:0.0.1-SNAPSHOT @ F:\StoreProject\store-manager\pom.xml.
2019-01-14 21:31:33,606 [Worker-42] WARN  o.e.m.c.i.embedder.EclipseLogger - The POM for com.store:store-common:jar:0.0.1-SNAPSHOT is missing, no dependency information available
2019-01-14 21:31:33,627 [Worker-42] INFO  o.e.m.c.i.l.LifecycleMappingFactory - Using org.maven.ide.eclipse.wtp.WarLifecycleMapping lifecycle mapping for MavenProject: com.store:store-manager-service:0.0.1-SNAPSHOT @ F:\StoreProject\store-manager\store-manager-service\pom.xml.
2019-01-14 21:31:37,135 [Worker-48] WARN  o.e.m.c.i.embedder.EclipseLogger - The POM for com.store:store-common:jar:0.0.1-SNAPSHOT is missing, no dependency information available
2019-01-14 21:31:37,645 [Worker-42] INFO  o.e.m.c.i.e.AbstractTransferListenerAdapter - Downloading https://repo.maven.apache.org/maven2/com/github/pagehelper/pagehelper/4.1.4/pagehelper-4.1.4.pom
2019-01-14 21:31:37,968 [Worker-42] INFO  o.e.m.c.i.e.AbstractTransferListenerAdapter - Downloaded https://repo.maven.apache.org/maven2/com/github/pagehelper/pagehelper/4.1.4/pagehelper-4.1.4.pom
2019-01-14 21:31:38,316 [Worker-42] INFO  o.e.m.c.i.e.AbstractTransferListenerAdapter - Downloading https://repo.maven.apache.org/maven2/com/github/jsqlparser/jsqlparser/0.9.5/jsqlparser-0.9.5.pom
2019-01-14 21:31:40,303 [Worker-42] INFO  o.e.m.c.i.e.AbstractTransferListenerAdapter - Downloaded https://repo.maven.apache.org/maven2/com/github/jsqlparser/jsqlparser/0.9.5/jsqlparser-0.9.5.pom
2019-01-14 21:31:40,651 [Worker-42] INFO  o.e.m.c.i.e.AbstractTransferListenerAdapter - Downloading https://repo.maven.apache.org/maven2/com/github/pagehelper/pagehelper/4.1.4/pagehelper-4.1.4.jar
2019-01-14 21:31:45,270 [Worker-42] INFO  o.e.m.c.i.e.AbstractTransferListenerAdapter - Downloaded https://repo.maven.apache.org/maven2/com/github/pagehelper/pagehelper/4.1.4/pagehelper-4.1.4.jar
2019-01-14 21:31:45,588 [Worker-42] INFO  o.e.m.c.i.e.AbstractTransferListenerAdapter - Downloading https://repo.maven.apache.org/maven2/com/github/jsqlparser/jsqlparser/0.9.5/jsqlparser-0.9.5.jar
2019-01-14 21:32:15,294 [Worker-42] INFO  o.e.m.c.i.e.AbstractTransferListenerAdapter - Downloaded https://repo.maven.apache.org/maven2/com/github/jsqlparser/jsqlparser/0.9.5/jsqlparser-0.9.5.jar
2019-01-14 21:32:15,549 [Worker-42] INFO  o.e.m.c.i.l.LifecycleMappingFactory - Using org.eclipse.m2e.jdt.JarLifecycleMapping lifecycle mapping for MavenProject: com.store:store-manager-pojo:0.0.1-SNAPSHOT @ F:\StoreProject\store-manager\store-manager-pojo\pom.xml.
2019-01-14 21:32:15,569 [Worker-42] INFO  o.e.m.c.i.l.LifecycleMappingFactory - Using org.eclipse.m2e.jdt.JarLifecycleMapping lifecycle mapping for MavenProject: com.store:store-manager-interface:0.0.1-SNAPSHOT @ F:\StoreProject\store-manager\store-manager-interface\pom.xml.
2019-01-14 21:32:15,956 [Worker-42] WARN  o.e.m.c.i.embedder.EclipseLogger - The POM for com.store:store-common:jar:0.0.1-SNAPSHOT is missing, no dependency information available
2019-01-14 21:32:17,382 [Worker-42] INFO  o.e.m.c.i.l.LifecycleMappingFactory - Using NULL lifecycle mapping for MavenProject: com.store:store-manager:0.0.1-SNAPSHOT @ F:\StoreProject\store-manager\pom.xml.
2019-01-14 21:32:17,405 [Worker-42] INFO  o.e.m.c.i.l.LifecycleMappingFactory - Using org.maven.ide.eclipse.wtp.WarLifecycleMapping lifecycle mapping for MavenProject: com.store:store-manager-service:0.0.1-SNAPSHOT @ F:\StoreProject\store-manager\store-manager-service\pom.xml.
2019-01-14 21:32:17,470 [Worker-42] INFO  o.e.m.c.i.l.LifecycleMappingFactory - Using org.eclipse.m2e.jdt.JarLifecycleMapping lifecycle mapping for MavenProject: com.store:store-manager-pojo:0.0.1-SNAPSHOT @ F:\StoreProject\store-manager\store-manager-pojo\pom.xml.
2019-01-14 21:32:17,495 [Worker-42] INFO  o.e.m.c.i.l.LifecycleMappingFactory - Using org.eclipse.m2e.jdt.JarLifecycleMapping lifecycle mapping for MavenProject: com.store:store-manager-interface:0.0.1-SNAPSHOT @ F:\StoreProject\store-manager\store-manager-interface\pom.xml.
2019-01-14 21:32:17,845 [Worker-42] INFO  o.e.m.c.i.embedder.EclipseLogger - Using 'UTF-8' encoding to copy filtered resources.
2019-01-14 21:32:17,848 [Worker-42] INFO  o.e.m.c.i.embedder.EclipseLogger - Copying 0 resource
2019-01-14 21:32:17,849 [Worker-42] INFO  o.e.m.c.i.embedder.EclipseLogger - Using 'UTF-8' encoding to copy filtered resources.
2019-01-14 21:32:17,849 [Worker-42] INFO  o.e.m.c.i.embedder.EclipseLogger - Copying 0 resource
2019-01-14 21:32:17,997 [Worker-42] INFO  o.e.m.c.i.embedder.EclipseLogger - Using 'UTF-8' encoding to copy filtered resources.
2019-01-14 21:32:17,998 [Worker-42] INFO  o.e.m.c.i.embedder.EclipseLogger - Copying 0 resource
2019-01-14 21:32:17,999 [Worker-42] INFO  o.e.m.c.i.embedder.EclipseLogger - Using 'UTF-8' encoding to copy filtered resources.
2019-01-14 21:32:17,999 [Worker-42] INFO  o.e.m.c.i.embedder.EclipseLogger - Copying 0 resource
2019-01-14 21:32:18,049 [Worker-42] INFO  o.e.m.c.i.embedder.EclipseLogger - Using 'UTF-8' encoding to copy filtered resources.
2019-01-14 21:32:18,050 [Worker-42] INFO  o.e.m.c.i.embedder.EclipseLogger - Copying 0 resource
2019-01-14 21:32:18,051 [Worker-42] INFO  o.e.m.c.i.embedder.EclipseLogger - Using 'UTF-8' encoding to copy filtered resources.
2019-01-14 21:32:18,051 [Worker-42] INFO  o.e.m.c.i.embedder.EclipseLogger - Copying 0 resource
2019-01-14 21:32:18,347 [Worker-42] INFO  o.e.m.c.i.embedder.EclipseLogger - Using 'UTF-8' encoding to copy filtered resources.
2019-01-14 21:32:18,347 [Worker-42] INFO  o.e.m.c.i.embedder.EclipseLogger - Copying 0 resource
2019-01-14 21:32:18,348 [Worker-42] INFO  o.e.m.c.i.embedder.EclipseLogger - Using 'UTF-8' encoding to copy filtered resources.
2019-01-14 21:32:18,348 [Worker-42] INFO  o.e.m.c.i.embedder.EclipseLogger - Copying 0 resource
2019-01-14 21:32:40,045 [Worker-48] INFO  o.e.m.c.i.l.LifecycleMappingFactory - Using NULL lifecycle mapping for MavenProject: com.store:store-manager:0.0.1-SNAPSHOT @ F:\StoreProject\store-manager\pom.xml.
2019-01-14 21:32:40,045 [Worker-48] WARN  o.e.m.c.i.embedder.EclipseLogger - The POM for com.store:store-common:jar:0.0.1-SNAPSHOT is missing, no dependency information available
2019-01-14 21:32:40,234 [Worker-48] INFO  o.e.m.c.i.l.LifecycleMappingFactory - Using org.maven.ide.eclipse.wtp.WarLifecycleMapping lifecycle mapping for MavenProject: com.store:store-manager-service:0.0.1-SNAPSHOT @ F:\StoreProject\store-manager\store-manager-service\pom.xml.
2019-01-14 21:32:40,288 [Worker-48] INFO  o.e.m.c.i.l.LifecycleMappingFactory - Using org.eclipse.m2e.jdt.JarLifecycleMapping lifecycle mapping for MavenProject: com.store:store-manager-pojo:0.0.1-SNAPSHOT @ F:\StoreProject\store-manager\store-manager-pojo\pom.xml.
2019-01-14 21:32:40,311 [Worker-48] INFO  o.e.m.c.i.l.LifecycleMappingFactory - Using org.eclipse.m2e.jdt.JarLifecycleMapping lifecycle mapping for MavenProject: com.store:store-manager-interface:0.0.1-SNAPSHOT @ F:\StoreProject\store-manager\store-manager-interface\pom.xml.
2019-01-14 21:32:40,344 [Worker-48] WARN  o.e.m.c.i.embedder.EclipseLogger - The POM for com.store:store-common:jar:0.0.1-SNAPSHOT is missing, no dependency information available
2019-01-14 21:32:40,602 [Worker-48] WARN  o.e.m.c.i.embedder.EclipseLogger - The POM for com.store:store-common:jar:0.0.1-SNAPSHOT is missing, no dependency information available
2019-01-14 21:32:40,605 [Worker-48] INFO  o.e.m.c.i.embedder.EclipseLogger - Using 'UTF-8' encoding to copy filtered resources.
2019-01-14 21:32:40,606 [Worker-48] INFO  o.e.m.c.i.embedder.EclipseLogger - Copying 0 resource
2019-01-14 21:32:40,606 [Worker-48] INFO  o.e.m.c.i.embedder.EclipseLogger - Using 'UTF-8' encoding to copy filtered resources.
2019-01-14 21:32:40,607 [Worker-48] INFO  o.e.m.c.i.embedder.EclipseLogger - Copying 0 resource
2019-01-14 21:32:40,616 [Worker-48] WARN  o.e.m.c.i.embedder.EclipseLogger - The POM for com.store:store-common:jar:0.0.1-SNAPSHOT is missing, no dependency information available
2019-01-14 21:32:40,622 [Worker-48] INFO  o.e.m.c.i.embedder.EclipseLogger - Using 'UTF-8' encoding to copy filtered resources.
2019-01-14 21:32:40,622 [Worker-48] INFO  o.e.m.c.i.embedder.EclipseLogger - Copying 0 resource
2019-01-14 21:32:40,623 [Worker-48] INFO  o.e.m.c.i.embedder.EclipseLogger - Using 'UTF-8' encoding to copy filtered resources.
2019-01-14 21:32:40,623 [Worker-48] INFO  o.e.m.c.i.embedder.EclipseLogger - Copying 0 resource
2019-01-14 21:32:40,636 [Worker-48] WARN  o.e.m.c.i.embedder.EclipseLogger - The POM for com.store:store-common:jar:0.0.1-SNAPSHOT is missing, no dependency information available
2019-01-14 21:32:40,672 [Worker-48] INFO  o.e.m.c.i.embedder.EclipseLogger - Using 'UTF-8' encoding to copy filtered resources.
2019-01-14 21:32:40,673 [Worker-48] INFO  o.e.m.c.i.embedder.EclipseLogger - Copying 0 resource
2019-01-14 21:32:40,673 [Worker-48] INFO  o.e.m.c.i.embedder.EclipseLogger - Using 'UTF-8' encoding to copy filtered resources.
2019-01-14 21:32:40,673 [Worker-48] INFO  o.e.m.c.i.embedder.EclipseLogger - Copying 0 resource
2019-01-14 21:32:41,783 [Worker-42] WARN  o.e.m.c.i.embedder.EclipseLogger - The POM for com.store:store-common:jar:0.0.1-SNAPSHOT is missing, no dependency information available
2019-01-14 21:48:04,854 [Worker-54] INFO  o.e.m.c.i.l.LifecycleMappingFactory - Using org.eclipse.m2e.jdt.JarLifecycleMapping lifecycle mapping for MavenProject: com.store:store-common:0.0.1-SNAPSHOT @ F:\StoreProject\store-common\pom.xml.
2019-01-14 21:48:05,301 [Worker-54] INFO  o.e.m.j.i.AbstractJavaProjectConfigurator - Adding source folder /store-common/src/main/java
2019-01-14 21:48:05,302 [Worker-54] INFO  o.e.m.j.i.AbstractJavaProjectConfigurator - Adding resource folder /store-common/src/main/resources
2019-01-14 21:48:05,304 [Worker-54] INFO  o.e.m.j.i.AbstractJavaProjectConfigurator - Adding source folder /store-common/src/test/java
2019-01-14 21:48:05,304 [Worker-54] INFO  o.e.m.j.i.AbstractJavaProjectConfigurator - Adding resource folder /store-common/src/test/resources
2019-01-14 21:48:05,680 [Worker-55] INFO  o.e.m.c.i.embedder.EclipseLogger - Using 'UTF-8' encoding to copy filtered resources.
2019-01-14 21:48:05,681 [Worker-55] INFO  o.e.m.c.i.embedder.EclipseLogger - Copying 0 resource
2019-01-14 21:48:05,683 [Worker-55] INFO  o.e.m.c.i.embedder.EclipseLogger - Using 'UTF-8' encoding to copy filtered resources.
2019-01-14 21:48:05,683 [Worker-55] INFO  o.e.m.c.i.embedder.EclipseLogger - Copying 0 resource
2019-01-14 21:50:51,527 [Worker-47] INFO  o.e.m.c.i.l.LifecycleMappingFactory - Using org.eclipse.m2e.jdt.JarLifecycleMapping lifecycle mapping for MavenProject: com.store:store-common:0.0.1-SNAPSHOT @ F:\StoreProject\store-common\pom.xml.
2019-01-14 21:50:51,566 [Worker-47] WARN  o.e.m.c.i.embedder.EclipseLogger - The artifact org.apache.commons:commons-io:jar:1.3.2 has been relocated to commons-io:commons-io:jar:1.3.2
2019-01-14 21:50:51,769 [Worker-47] INFO  o.e.m.c.i.embedder.EclipseLogger - Using 'UTF-8' encoding to copy filtered resources.
2019-01-14 21:50:51,772 [Worker-47] INFO  o.e.m.c.i.embedder.EclipseLogger - Copying 0 resource
2019-01-14 21:50:51,774 [Worker-47] INFO  o.e.m.c.i.embedder.EclipseLogger - Using 'UTF-8' encoding to copy filtered resources.
2019-01-14 21:50:51,774 [Worker-47] INFO  o.e.m.c.i.embedder.EclipseLogger - Copying 0 resource
2019-01-14 21:50:53,005 [Worker-57] WARN  o.e.m.c.i.embedder.EclipseLogger - The artifact org.apache.commons:commons-io:jar:1.3.2 has been relocated to commons-io:commons-io:jar:1.3.2
2019-01-14 21:50:53,008 [Worker-57] INFO  o.e.m.c.i.embedder.EclipseLogger - Using 'UTF-8' encoding to copy filtered resources.
2019-01-14 21:50:53,008 [Worker-57] INFO  o.e.m.c.i.embedder.EclipseLogger - Copying 0 resource
2019-01-14 21:50:53,009 [Worker-57] INFO  o.e.m.c.i.embedder.EclipseLogger - Using 'UTF-8' encoding to copy filtered resources.
2019-01-14 21:50:53,009 [Worker-57] INFO  o.e.m.c.i.embedder.EclipseLogger - Copying 0 resource
2019-01-14 21:51:17,848 [Worker-47] INFO  o.e.m.c.i.l.LifecycleMappingFactory - Using org.eclipse.m2e.jdt.JarLifecycleMapping lifecycle mapping for MavenProject: com.store:store-common:0.0.1-SNAPSHOT @ F:\StoreProject\store-common\pom.xml.
2019-01-14 21:51:17,883 [Worker-47] WARN  o.e.m.c.i.embedder.EclipseLogger - The artifact org.apache.commons:commons-io:jar:1.3.2 has been relocated to commons-io:commons-io:jar:1.3.2
2019-01-14 21:51:18,001 [Worker-47] INFO  o.e.m.c.i.embedder.EclipseLogger - Using 'UTF-8' encoding to copy filtered resources.
2019-01-14 21:51:18,009 [Worker-47] INFO  o.e.m.c.i.embedder.EclipseLogger - Copying 0 resource
2019-01-14 21:51:18,010 [Worker-47] INFO  o.e.m.c.i.embedder.EclipseLogger - Using 'UTF-8' encoding to copy filtered resources.
2019-01-14 21:51:18,011 [Worker-47] INFO  o.e.m.c.i.embedder.EclipseLogger - Copying 0 resource
2019-01-14 21:53:56,802 [Worker-54] INFO  o.e.m.c.i.l.LifecycleMappingFactory - Using NULL lifecycle mapping for MavenProject: com.store:store-manager:0.0.1-SNAPSHOT @ F:\StoreProject\store-manager\pom.xml.
2019-01-14 21:54:54,906 [Worker-54] INFO  o.e.m.c.i.l.LifecycleMappingFactory - Using NULL lifecycle mapping for MavenProject: com.store:store-manager:0.0.1-SNAPSHOT @ F:\StoreProject\store-manager\pom.xml.
2019-01-14 21:56:07,561 [Worker-59] INFO  o.e.m.c.i.l.LifecycleMappingFactory - Using org.eclipse.m2e.jdt.JarLifecycleMapping lifecycle mapping for MavenProject: com.store:store-manager-dao:0.0.1-SNAPSHOT @ F:\StoreProject\store-manager\store-manager-dao\pom.xml.
2019-01-14 21:56:07,957 [Worker-59] INFO  o.e.m.j.i.AbstractJavaProjectConfigurator - Adding source folder /store-manager-dao/src/main/java
2019-01-14 21:56:07,958 [Worker-59] INFO  o.e.m.j.i.AbstractJavaProjectConfigurator - Adding resource folder /store-manager-dao/src/main/resources
2019-01-14 21:56:07,961 [Worker-59] INFO  o.e.m.j.i.AbstractJavaProjectConfigurator - Adding source folder /store-manager-dao/src/test/java
2019-01-14 21:56:07,961 [Worker-59] INFO  o.e.m.j.i.AbstractJavaProjectConfigurator - Adding resource folder /store-manager-dao/src/test/resources
2019-01-14 21:56:08,326 [Worker-56] INFO  o.e.m.c.i.l.LifecycleMappingFactory - Using NULL lifecycle mapping for MavenProject: com.store:store-manager:0.0.1-SNAPSHOT @ F:\StoreProject\store-manager\pom.xml.
2019-01-14 21:56:08,387 [Worker-56] INFO  o.e.m.c.i.l.LifecycleMappingFactory - Using org.eclipse.m2e.jdt.JarLifecycleMapping lifecycle mapping for MavenProject: com.store:store-manager-dao:0.0.1-SNAPSHOT @ F:\StoreProject\store-manager\store-manager-dao\pom.xml.
2019-01-14 21:56:08,689 [Worker-56] INFO  o.e.m.c.i.embedder.EclipseLogger - Using 'UTF-8' encoding to copy filtered resources.
2019-01-14 21:56:08,689 [Worker-56] INFO  o.e.m.c.i.embedder.EclipseLogger - Copying 0 resource
2019-01-14 21:56:08,690 [Worker-56] INFO  o.e.m.c.i.embedder.EclipseLogger - Using 'UTF-8' encoding to copy filtered resources.
2019-01-14 21:56:08,690 [Worker-56] INFO  o.e.m.c.i.embedder.EclipseLogger - Copying 0 resource
2019-01-14 21:56:33,472 [Worker-59] INFO  o.e.m.c.i.l.LifecycleMappingFactory - Using org.eclipse.m2e.jdt.JarLifecycleMapping lifecycle mapping for MavenProject: com.store:store-manager-dao:0.0.1-SNAPSHOT @ F:\StoreProject\store-manager\store-manager-dao\pom.xml.
2019-01-14 21:56:33,537 [Worker-59] INFO  o.e.m.c.i.embedder.EclipseLogger - Using 'UTF-8' encoding to copy filtered resources.
2019-01-14 21:56:33,537 [Worker-59] INFO  o.e.m.c.i.embedder.EclipseLogger - Copying 0 resource
2019-01-14 21:56:33,538 [Worker-59] INFO  o.e.m.c.i.embedder.EclipseLogger - Using 'UTF-8' encoding to copy filtered resources.
2019-01-14 21:56:33,538 [Worker-59] INFO  o.e.m.c.i.embedder.EclipseLogger - Copying 0 resource
2019-01-14 21:57:07,901 [Worker-54] INFO  o.e.m.c.i.l.LifecycleMappingFactory - Using org.eclipse.m2e.jdt.JarLifecycleMapping lifecycle mapping for MavenProject: com.store:store-manager-pojo:0.0.1-SNAPSHOT @ F:\StoreProject\store-manager\store-manager-pojo\pom.xml.
2019-01-14 21:57:08,044 [Worker-54] INFO  o.e.m.j.i.AbstractJavaProjectConfigurator - Adding source folder /store-manager-pojo/src/main/java
2019-01-14 21:57:08,044 [Worker-54] INFO  o.e.m.j.i.AbstractJavaProjectConfigurator - Adding resource folder /store-manager-pojo/src/main/resources
2019-01-14 21:57:08,047 [Worker-54] INFO  o.e.m.j.i.AbstractJavaProjectConfigurator - Adding source folder /store-manager-pojo/src/test/java
2019-01-14 21:57:08,047 [Worker-54] INFO  o.e.m.j.i.AbstractJavaProjectConfigurator - Adding resource folder /store-manager-pojo/src/test/resources
2019-01-14 21:57:08,412 [Worker-60] INFO  o.e.m.c.i.l.LifecycleMappingFactory - Using NULL lifecycle mapping for MavenProject: com.store:store-manager:0.0.1-SNAPSHOT @ F:\StoreProject\store-manager\pom.xml.
2019-01-14 21:57:08,463 [Worker-60] INFO  o.e.m.c.i.l.LifecycleMappingFactory - Using org.eclipse.m2e.jdt.JarLifecycleMapping lifecycle mapping for MavenProject: com.store:store-manager-dao:0.0.1-SNAPSHOT @ F:\StoreProject\store-manager\store-manager-dao\pom.xml.
2019-01-14 21:57:08,478 [Worker-60] INFO  o.e.m.c.i.l.LifecycleMappingFactory - Using org.eclipse.m2e.jdt.JarLifecycleMapping lifecycle mapping for MavenProject: com.store:store-manager-pojo:0.0.1-SNAPSHOT @ F:\StoreProject\store-manager\store-manager-pojo\pom.xml.
2019-01-14 21:57:08,722 [Worker-60] INFO  o.e.m.c.i.embedder.EclipseLogger - Using 'UTF-8' encoding to copy filtered resources.
2019-01-14 21:57:08,722 [Worker-60] INFO  o.e.m.c.i.embedder.EclipseLogger - Copying 0 resource
2019-01-14 21:57:08,724 [Worker-60] INFO  o.e.m.c.i.embedder.EclipseLogger - Using 'UTF-8' encoding to copy filtered resources.
2019-01-14 21:57:08,724 [Worker-60] INFO  o.e.m.c.i.embedder.EclipseLogger - Copying 0 resource
2019-01-14 21:57:08,779 [Worker-60] INFO  o.e.m.c.i.embedder.EclipseLogger - Using 'UTF-8' encoding to copy filtered resources.
2019-01-14 21:57:08,779 [Worker-60] INFO  o.e.m.c.i.embedder.EclipseLogger - Copying 0 resource
2019-01-14 21:57:08,779 [Worker-60] INFO  o.e.m.c.i.embedder.EclipseLogger - Using 'UTF-8' encoding to copy filtered resources.
2019-01-14 21:57:08,780 [Worker-60] INFO  o.e.m.c.i.embedder.EclipseLogger - Copying 0 resource
2019-01-14 21:57:44,986 [Worker-60] INFO  o.e.m.c.i.l.LifecycleMappingFactory - Using org.eclipse.m2e.jdt.JarLifecycleMapping lifecycle mapping for MavenProject: com.store:store-manager-dao:0.0.1-SNAPSHOT @ F:\StoreProject\store-manager\store-manager-dao\pom.xml.
2019-01-14 21:57:45,080 [Worker-60] INFO  o.e.m.c.i.embedder.EclipseLogger - Using 'UTF-8' encoding to copy filtered resources.
2019-01-14 21:57:45,080 [Worker-60] INFO  o.e.m.c.i.embedder.EclipseLogger - Copying 0 resource
2019-01-14 21:57:45,081 [Worker-60] INFO  o.e.m.c.i.embedder.EclipseLogger - Using 'UTF-8' encoding to copy filtered resources.
2019-01-14 21:57:45,081 [Worker-60] INFO  o.e.m.c.i.embedder.EclipseLogger - Copying 0 resource
2019-01-14 21:57:46,316 [Worker-54] INFO  o.e.m.c.i.embedder.EclipseLogger - Using 'UTF-8' encoding to copy filtered resources.
2019-01-14 21:57:46,316 [Worker-54] INFO  o.e.m.c.i.embedder.EclipseLogger - Copying 0 resource
2019-01-14 21:57:46,317 [Worker-54] INFO  o.e.m.c.i.embedder.EclipseLogger - Using 'UTF-8' encoding to copy filtered resources.
2019-01-14 21:57:46,317 [Worker-54] INFO  o.e.m.c.i.embedder.EclipseLogger - Copying 0 resource
2019-01-14 21:58:19,664 [Worker-54] INFO  o.e.m.c.i.l.LifecycleMappingFactory - Using org.eclipse.m2e.jdt.JarLifecycleMapping lifecycle mapping for MavenProject: com.store:store-manager-dao:0.0.1-SNAPSHOT @ F:\StoreProject\store-manager\store-manager-dao\pom.xml.
2019-01-14 21:58:19,751 [Worker-54] INFO  o.e.m.c.i.embedder.EclipseLogger - Using 'UTF-8' encoding to copy filtered resources.
2019-01-14 21:58:19,751 [Worker-54] INFO  o.e.m.c.i.embedder.EclipseLogger - Copying 0 resource
2019-01-14 21:58:19,753 [Worker-54] INFO  o.e.m.c.i.embedder.EclipseLogger - Using 'UTF-8' encoding to copy filtered resources.
2019-01-14 21:58:19,753 [Worker-54] INFO  o.e.m.c.i.embedder.EclipseLogger - Copying 0 resource
2019-01-14 21:58:20,994 [Worker-55] INFO  o.e.m.c.i.embedder.EclipseLogger - Using 'UTF-8' encoding to copy filtered resources.
2019-01-14 21:58:20,994 [Worker-55] INFO  o.e.m.c.i.embedder.EclipseLogger - Copying 0 resource
2019-01-14 21:58:20,995 [Worker-55] INFO  o.e.m.c.i.embedder.EclipseLogger - Using 'UTF-8' encoding to copy filtered resources.
2019-01-14 21:58:20,996 [Worker-55] INFO  o.e.m.c.i.embedder.EclipseLogger - Copying 0 resource
2019-01-14 21:59:25,035 [Worker-63] INFO  o.e.m.c.i.l.LifecycleMappingFactory - Using org.eclipse.m2e.jdt.JarLifecycleMapping lifecycle mapping for MavenProject: com.store:store-manager-dao:0.0.1-SNAPSHOT @ F:\StoreProject\store-manager\store-manager-dao\pom.xml.
2019-01-14 21:59:25,125 [Worker-63] INFO  o.e.m.c.i.embedder.EclipseLogger - Using 'UTF-8' encoding to copy filtered resources.
2019-01-14 21:59:25,125 [Worker-63] INFO  o.e.m.c.i.embedder.EclipseLogger - Copying 0 resource
2019-01-14 21:59:25,126 [Worker-63] INFO  o.e.m.c.i.embedder.EclipseLogger - Using 'UTF-8' encoding to copy filtered resources.
2019-01-14 21:59:25,126 [Worker-63] INFO  o.e.m.c.i.embedder.EclipseLogger - Copying 0 resource
2019-01-15 10:24:33,930 [main] ERROR o.e.m2e.editor.pom.OverviewPage - Failed to populate overview panel
java.lang.NullPointerException: null
	at org.eclipse.m2e.core.ui.internal.editing.PomEdits.performOnDOMDocument(PomEdits.java:510) ~[org.eclipse.m2e.core.ui_1.7.0.20160603-1933.jar:na]
	at org.eclipse.m2e.editor.pom.OverviewPage$17.run(OverviewPage.java:1129) ~[na:na]
	at org.eclipse.swt.widgets.RunnableLock.run(RunnableLock.java:35) [org.eclipse.swt.win32.win32.x86_64_3.104.2.v20160212-1350.jar:na]
	at org.eclipse.swt.widgets.Synchronizer.runAsyncMessages(Synchronizer.java:135) [org.eclipse.swt.win32.win32.x86_64_3.104.2.v20160212-1350.jar:na]
	at org.eclipse.swt.widgets.Display.runAsyncMessages(Display.java:4155) [org.eclipse.swt.win32.win32.x86_64_3.104.2.v20160212-1350.jar:na]
	at org.eclipse.swt.widgets.Display.readAndDispatch(Display.java:3772) [org.eclipse.swt.win32.win32.x86_64_3.104.2.v20160212-1350.jar:na]
	at org.eclipse.e4.ui.internal.workbench.swt.PartRenderingEngine$4.run(PartRenderingEngine.java:1127) [org.eclipse.e4.ui.workbench.swt_0.13.0.v20150504-0621.jar:na]
	at org.eclipse.core.databinding.observable.Realm.runWithDefault(Realm.java:337) [org.eclipse.core.databinding.observable_1.5.0.v20150422-0725.jar:na]
	at org.eclipse.e4.ui.internal.workbench.swt.PartRenderingEngine.run(PartRenderingEngine.java:1018) [org.eclipse.e4.ui.workbench.swt_0.13.0.v20150504-0621.jar:na]
	at org.eclipse.e4.ui.internal.workbench.E4Workbench.createAndRunUI(E4Workbench.java:156) [org.eclipse.e4.ui.workbench_1.3.1.v20160203-0951.jar:na]
	at org.eclipse.ui.internal.Workbench$5.run(Workbench.java:694) [org.eclipse.ui.workbench_3.107.1.v20160120-2131.jar:na]
	at org.eclipse.core.databinding.observable.Realm.runWithDefault(Realm.java:337) [org.eclipse.core.databinding.observable_1.5.0.v20150422-0725.jar:na]
	at org.eclipse.ui.internal.Workbench.createAndRunWorkbench(Workbench.java:606) [org.eclipse.ui.workbench_3.107.1.v20160120-2131.jar:na]
	at org.eclipse.ui.PlatformUI.createAndRunWorkbench(PlatformUI.java:150) [org.eclipse.ui.workbench_3.107.1.v20160120-2131.jar:na]
	at org.eclipse.ui.internal.ide.application.IDEApplication.start(IDEApplication.java:139) [org.eclipse.ui.ide.application_1.1.0.v20150422-0725.jar:na]
	at org.eclipse.equinox.internal.app.EclipseAppHandle.run(EclipseAppHandle.java:196) [org.eclipse.equinox.app_1.3.300.v20150423-1356.jar:na]
	at org.eclipse.core.runtime.internal.adaptor.EclipseAppLauncher.runApplication(EclipseAppLauncher.java:134) [org.eclipse.osgi_3.10.102.v20160118-1700.jar:na]
	at org.eclipse.core.runtime.internal.adaptor.EclipseAppLauncher.start(EclipseAppLauncher.java:104) [org.eclipse.osgi_3.10.102.v20160118-1700.jar:na]
	at org.eclipse.core.runtime.adaptor.EclipseStarter.run(EclipseStarter.java:380) [org.eclipse.osgi_3.10.102.v20160118-1700.jar:na]
	at org.eclipse.core.runtime.adaptor.EclipseStarter.run(EclipseStarter.java:235) [org.eclipse.osgi_3.10.102.v20160118-1700.jar:na]
	at sun.reflect.NativeMethodAccessorImpl.invoke0(Native Method) ~[na:1.8.0_45]
	at sun.reflect.NativeMethodAccessorImpl.invoke(NativeMethodAccessorImpl.java:62) ~[na:1.8.0_45]
	at sun.reflect.DelegatingMethodAccessorImpl.invoke(DelegatingMethodAccessorImpl.java:43) ~[na:1.8.0_45]
	at java.lang.reflect.Method.invoke(Method.java:497) ~[na:1.8.0_45]
	at org.eclipse.equinox.launcher.Main.invokeFramework(Main.java:669) [org.eclipse.equinox.launcher_1.3.100.v20150511-1540.jar:na]
	at org.eclipse.equinox.launcher.Main.basicRun(Main.java:608) [org.eclipse.equinox.launcher_1.3.100.v20150511-1540.jar:na]
	at org.eclipse.equinox.launcher.Main.run(Main.java:1515) [org.eclipse.equinox.launcher_1.3.100.v20150511-1540.jar:na]
